<?xml version="1.0" encoding="UTF-8"?>
<!-- Generated by org.testng.reporters.JUnitReportReporter -->
<testsuite hostname="LAPTOP-LOC123" failures="0" tests="1" name="poly.edu.ASM_Y4" time="8.395" errors="0" timestamp="2025-04-14T13:27:55 ICT" skipped="0">
  <testcase classname="poly.edu.ASM_Y4" name="testCRUDUsers" time="8.395"/>
</testsuite> <!-- poly.edu.ASM_Y4 -->
