<?xml version="1.0" encoding="UTF-8"?>
<!-- Generated by org.testng.reporters.JUnitReportReporter -->
<testsuite hostname="KHANNPS39199" failures="0" tests="2" name="poly.edu.appTest" time="0.011" errors="0"
           timestamp="2025-04-02T12:24:23 ICT" skipped="0">
    <testcase classname="poly.edu.appTest" name="testIsEvenNumber4" time="0.001"/>
    <testcase classname="poly.edu.appTest" name="testIsEvenNumber2" time="0.010"/>
</testsuite> <!-- poly.edu.appTest -->
