<?xml version="1.0" encoding="UTF-8"?>
<!-- Generated by org.testng.reporters.JUnitReportReporter -->
<testsuite hostname="LAPTOP-LOC123" failures="0" tests="6" name="poly.edu.ASM_LOGIN_TESTCASE" time="12.190" errors="0" timestamp="2025-04-13T19:20:13 ICT" skipped="0">
  <testcase classname="poly.edu.ASM_LOGIN_TESTCASE" name="testLogin" time="0.271"/>
  <testcase classname="poly.edu.ASM_LOGIN_TESTCASE" name="testLogin" time="0.251"/>
  <testcase classname="poly.edu.ASM_LOGIN_TESTCASE" name="testLogin" time="1.346"/>
  <testcase classname="poly.edu.ASM_LOGIN_TESTCASE" name="testRememberMe" time="7.524"/>
  <testcase classname="poly.edu.ASM_LOGIN_TESTCASE" name="testLogin" time="1.324"/>
  <testcase classname="poly.edu.ASM_LOGIN_TESTCASE" name="testLogin" time="1.474"/>
</testsuite> <!-- poly.edu.ASM_LOGIN_TESTCASE -->
