<?xml version="1.0" encoding="UTF-8"?>
<!-- Generated by org.testng.reporters.JUnitReportReporter -->
<testsuite hostname="LAPTOP-LOC123" failures="0" tests="1" name="poly.edu.ASM_Y4" time="4.957" errors="0" timestamp="2025-04-13T20:05:16 ICT" skipped="0">
  <testcase classname="poly.edu.ASM_Y4" name="testRegister" time="4.957"/>
</testsuite> <!-- poly.edu.ASM_Y4 -->
