<?xml version="1.0" encoding="UTF-8"?>
<!-- Generated by org.testng.reporters.JUnitReportReporter -->
<testsuite hostname="KHANNPS39199" failures="0" tests="8" name="poly.edu.ASM_LOGIN_TESTCASE" time="13.739" errors="0" timestamp="2025-04-14T14:29:02 ICT" skipped="0">
  <testcase classname="poly.edu.ASM_LOGIN_TESTCASE" name="testLogin" time="1.485"/>
  <testcase classname="poly.edu.ASM_LOGIN_TESTCASE" name="testLogin" time="1.351"/>
  <testcase classname="poly.edu.ASM_LOGIN_TESTCASE" name="testRememberMe" time="5.729"/>
  <testcase classname="poly.edu.ASM_LOGIN_TESTCASE" name="testLogin" time="0.243"/>
  <testcase classname="poly.edu.ASM_LOGIN_TESTCASE" name="testLogin" time="0.269"/>
  <testcase classname="poly.edu.ASM_LOGIN_TESTCASE" name="testLogin" time="1.393"/>
  <testcase classname="poly.edu.ASM_LOGIN_TESTCASE" name="testLogin" time="1.751"/>
  <testcase classname="poly.edu.ASM_LOGIN_TESTCASE" name="testLogin" time="1.518"/>
</testsuite> <!-- poly.edu.ASM_LOGIN_TESTCASE -->
